{
  "RSpec": {
    "coverage": {
      "/Users/theaveryrodriguez/turing_work/4mod/intermission_work/tea_subscription/app/models/customer.rb": {
        "lines": [
          1,
          1,
          1,
          1,
          null,
          1,
          1,
          null
        ]
      },
      "/Users/theaveryrodriguez/turing_work/4mod/intermission_work/tea_subscription/app/models/application_record.rb": {
        "lines": [
          1,
          1,
          null
        ]
      },
      "/Users/theaveryrodriguez/turing_work/4mod/intermission_work/tea_subscription/spec/models/customer_subscription_spec.rb": {
        "lines": [
          1,
          null,
          1,
          1,
          2,
          2,
          null,
          null,
          1,
          2,
          null,
          null
        ]
      },
      "/Users/theaveryrodriguez/turing_work/4mod/intermission_work/tea_subscription/app/models/customer_subscription.rb": {
        "lines": [
          1,
          1,
          1,
          1,
          null,
          1,
          null,
          null,
          null,
          null
        ]
      },
      "/Users/theaveryrodriguez/turing_work/4mod/intermission_work/tea_subscription/spec/models/subscription_spec.rb": {
        "lines": [
          1,
          null,
          1,
          1,
          2,
          2,
          2,
          2,
          null,
          1,
          2,
          2,
          null,
          2,
          2,
          null,
          null
        ]
      },
      "/Users/theaveryrodriguez/turing_work/4mod/intermission_work/tea_subscription/app/models/subscription.rb": {
        "lines": [
          1,
          1,
          1,
          1,
          1,
          null,
          1,
          null,
          null,
          null,
          null,
          1,
          1,
          null,
          1,
          1,
          null
        ]
      },
      "/Users/theaveryrodriguez/turing_work/4mod/intermission_work/tea_subscription/spec/models/tea_spec.rb": {
        "lines": [
          1,
          null,
          1,
          1,
          2,
          2,
          null,
          null,
          1,
          2,
          2,
          2,
          2,
          null,
          null
        ]
      },
      "/Users/theaveryrodriguez/turing_work/4mod/intermission_work/tea_subscription/app/models/tea.rb": {
        "lines": [
          1,
          1,
          1,
          1,
          1,
          null,
          1,
          1,
          null
        ]
      },
      "/Users/theaveryrodriguez/turing_work/4mod/intermission_work/tea_subscription/spec/models/tea_subscription_spec.rb": {
        "lines": [
          1,
          null,
          1,
          1,
          2,
          2,
          null,
          null
        ]
      },
      "/Users/theaveryrodriguez/turing_work/4mod/intermission_work/tea_subscription/app/models/tea_subscription.rb": {
        "lines": [
          1,
          1,
          1,
          null
        ]
      },
      "/Users/theaveryrodriguez/turing_work/4mod/intermission_work/tea_subscription/spec/requests/api/v0/customer_subscription_request_spec.rb": {
        "lines": [
          1,
          null,
          1,
          1,
          6,
          null,
          null,
          null,
          null,
          null,
          null,
          6,
          null,
          null,
          null,
          null,
          null,
          null,
          6,
          null,
          null,
          null,
          null,
          null,
          null,
          6,
          null,
          null,
          null,
          null,
          null,
          null,
          6,
          null,
          null,
          null,
          null,
          null,
          null,
          6,
          null,
          null,
          null,
          null,
          null,
          null,
          6,
          6,
          null,
          6,
          6,
          null,
          null,
          1,
          1,
          null,
          1,
          null,
          1,
          null,
          1,
          null,
          1,
          1,
          1,
          1,
          1,
          1,
          null,
          null,
          1,
          1,
          1,
          null,
          1,
          null,
          1,
          null,
          1,
          null,
          1,
          1,
          1,
          1,
          1,
          1,
          null,
          null,
          1,
          1,
          1,
          1,
          null,
          1,
          null,
          1,
          null,
          1,
          1,
          1,
          null,
          1,
          2,
          2,
          null,
          2,
          2,
          null,
          2,
          2,
          null,
          2,
          2,
          null,
          null,
          null,
          1,
          1,
          null,
          1,
          null,
          1,
          null,
          null,
          null,
          null,
          1,
          1,
          null,
          null,
          null,
          null,
          null,
          null,
          1,
          1,
          1,
          null,
          1,
          null,
          1,
          null,
          null,
          null,
          null,
          1,
          1,
          null,
          1,
          null,
          1,
          null,
          null,
          null,
          null
        ]
      },
      "/Users/theaveryrodriguez/turing_work/4mod/intermission_work/tea_subscription/spec/serializers/subscription_serializer_spec.rb": {
        "lines": [
          1,
          null,
          1,
          3,
          null,
          1,
          1,
          1,
          null,
          null,
          1,
          1,
          1,
          1,
          1,
          1,
          1,
          null,
          null
        ]
      },
      "/Users/theaveryrodriguez/turing_work/4mod/intermission_work/tea_subscription/app/serializers/subscription_serializer.rb": {
        "lines": [
          1,
          1,
          1,
          null
        ]
      },
      "/Users/theaveryrodriguez/turing_work/4mod/intermission_work/tea_subscription/app/controllers/api/v0/customer_subscriptions_controller.rb": {
        "lines": [
          1,
          1,
          2,
          null,
          1,
          null,
          1,
          null,
          null,
          1,
          6,
          null,
          6,
          5,
          null,
          1,
          null,
          null,
          null,
          1,
          3,
          null,
          3,
          2,
          2,
          null,
          1,
          null,
          null,
          null
        ]
      },
      "/Users/theaveryrodriguez/turing_work/4mod/intermission_work/tea_subscription/app/controllers/application_controller.rb": {
        "lines": [
          1,
          null
        ]
      }
    },
    "timestamp": 1706386221
  }
}
