{
  "RSpec": {
    "coverage": {
      "/Users/theaveryrodriguez/turing_work/4mod/intermission_work/tea_subscription/app/models/customer.rb": {
        "lines": [
          1,
          1,
          1,
          1,
          null,
          1,
          1,
          null
        ]
      },
      "/Users/theaveryrodriguez/turing_work/4mod/intermission_work/tea_subscription/app/models/application_record.rb": {
        "lines": [
          1,
          1,
          null
        ]
      },
      "/Users/theaveryrodriguez/turing_work/4mod/intermission_work/tea_subscription/app/models/tea.rb": {
        "lines": [
          1,
          1,
          1,
          1,
          1,
          null,
          1,
          1,
          null
        ]
      },
      "/Users/theaveryrodriguez/turing_work/4mod/intermission_work/tea_subscription/app/models/subscription.rb": {
        "lines": [
          1,
          1,
          1,
          1,
          1,
          null,
          1,
          null,
          null,
          null,
          null,
          1,
          1,
          null,
          1,
          1,
          null
        ]
      },
      "/Users/theaveryrodriguez/turing_work/4mod/intermission_work/tea_subscription/app/models/tea_subscription.rb": {
        "lines": [
          1,
          1,
          1,
          null
        ]
      },
      "/Users/theaveryrodriguez/turing_work/4mod/intermission_work/tea_subscription/app/controllers/api/v0/customers_subscriptions_controller.rb": {
        "lines": [
          1,
          1,
          0,
          0,
          null,
          0,
          null,
          null,
          1,
          1,
          null,
          1,
          1,
          null,
          0,
          null,
          null,
          null,
          1,
          1,
          null,
          1,
          1,
          0,
          null,
          0,
          null,
          null,
          null
        ]
      },
      "/Users/theaveryrodriguez/turing_work/4mod/intermission_work/tea_subscription/app/controllers/application_controller.rb": {
        "lines": [
          1,
          null
        ]
      },
      "/Users/theaveryrodriguez/turing_work/4mod/intermission_work/tea_subscription/app/models/customers_subscription.rb": {
        "lines": [
          1,
          1,
          1,
          1,
          null,
          1,
          null,
          null,
          null,
          null
        ]
      }
    },
    "timestamp": 1706215248
  }
}
